#
# A fatal error has been detected by the Java Runtime Environment:
#
#  EXCEPTION_ACCESS_VIOLATION (0xc0000005) at pc=0x00007ffb1273d8b6, pid=3856, tid=21260
#
# JRE version: Java(TM) SE Runtime Environment (17.0.12+8) (build 17.0.12+8-LTS-286)
# Java VM: Java HotSpot(TM) 64-Bit Server VM (17.0.12+8-LTS-286, mixed mode, sharing, tiered, compressed oops, compressed class ptrs, g1 gc, windows-amd64)
# Problematic frame:
# V  [jvm.dll+0x1ad8b6]
#
# No core dump will be written. Minidumps are not enabled by default on client versions of Windows
#
# If you would like to submit a bug report, please visit:
#   https://bugreport.java.com/bugreport/crash.jsp
#

---------------  S U M M A R Y ------------

Command Line: com.example.demo.DemoApplication

Host: 11th Gen Intel(R) Core(TM) i5-1135G7 @ 2.40GHz, 8 cores, 7G,  Windows 11 , 64 bit Build 26100 (10.0.26100.4484)
Time: Sun Jul 27 18:16:42 2025 Hora estándar, América Central elapsed time: 13018.429140 seconds (0d 3h 36m 58s)

---------------  T H R E A D  ---------------

Current thread (0x000001ce0a93e830):  ConcurrentGCThread "G1 Conc#0" [stack: 0x000000401e000000,0x000000401e100000] [id=21260]

Stack: [0x000000401e000000,0x000000401e100000],  sp=0x000000401e0ffb58,  free space=1022k
Native frames: (J=compiled Java code, j=interpreted, Vv=VM code, C=native code)
V  [jvm.dll+0x1ad8b6]


siginfo: EXCEPTION_ACCESS_VIOLATION (0xc0000005), reading address 0x000001ce8e642e7c


Registers:
RAX=0x0222004240090801, RBX=0x000001ce0a92d001, RCX=0x00000000864840c0, RDX=0x00000000864840c0
RSP=0x000000401e0ffb58, RBP=0x0000000000000001, RSI=0x000001ce0a92d090, RDI=0x00000000864840c0
R8 =0x000001ce220e2100, R9 =0x000001ce8e642e74, R10=0x000001ce0a92d090, R11=0x0000000000000003
R12=0x0000000000000000, R13=0xaaaaaaaaaaaaaaab, R14=0x000001ce2a77edf8, R15=0x000000008681a808
RIP=0x00007ffb1273d8b6, EFLAGS=0x0000000000010206


Register to memory mapping:

RIP=0x00007ffb1273d8b6 jvm.dll
RAX=0x0222004240090801 is an unknown value
RBX=0x000001ce0a92d001 points into unknown readable memory: 00 00 00 00 00 00 00
RCX=0x00000000864840c0 is pointing into object: [B 
{0x0000000086484098} - klass: {type array byte}
 - length: 72
RDX=0x00000000864840c0 is pointing into object: [B 
{0x0000000086484098} - klass: {type array byte}
 - length: 72
RSP=0x000000401e0ffb58 points into unknown readable memory: 0x00007ffb128639ad | ad 39 86 12 fb 7f 00 00
RBP=0x0000000000000001 is an unknown value
RSI=0x000001ce0a92d090 points into unknown readable memory: 0x000001ce0a93d150 | 50 d1 93 0a ce 01 00 00
RDI=0x00000000864840c0 is pointing into object: [B 
{0x0000000086484098} - klass: {type array byte}
 - length: 72
R8 =0x000001ce220e2100 points into unknown readable memory: 0x0222004241090801 | 01 08 09 41 42 00 22 02
R9 =0x000001ce8e642e74 is an unknown value
R10=0x000001ce0a92d090 points into unknown readable memory: 0x000001ce0a93d150 | 50 d1 93 0a ce 01 00 00
R11=0x0000000000000003 is an unknown value
R12=0x0 is NULL
R13=0xaaaaaaaaaaaaaaab is an unknown value
R14=0x000001ce2a77edf8 is a pointer to class: 
org.hibernate.sql.ast.spi.SqlSelection {0x000001ce2a77ee00}
 - instance size:     2
 - klass size:        63
 - access:            public interface abstract 
 - state:             fully_initialized
 - name:              'org/hibernate/sql/ast/spi/SqlSelection'
 - super:             'java/lang/Object'
 - sub:               
 - nof implementors:  1
 - implementor:    
   'org/hibernate/sql/results/internal/SqlSelectionImpl'
 - arrays:            'org/hibernate/sql/ast/spi/SqlSelection'[]
 - methods:           Array<T>(0x000001ce6d06fa18)
 - method ordering:   Array<T>(0x000001ce298fb090)
 - default_methods:   Array<T>(0x0000000000000000)
 - local interfaces:  Array<T>(0x000001ce6d06f9f8)
 - trans. interfaces: Array<T>(0x000001ce6d06f9f8)
 - constants:         constant pool [31] {0x000001ce6d06f8a0} for 'org/hibernate/sql/ast/spi/SqlSelection' cache=0x000001ce6d146508
 - class loader data:  loader data: 0x000001ce28a8d5f0 for instance a 'jdk/internal/loader/ClassLoaders$AppClassLoader'{0x0000000084b7c948}
 - source file:       'SqlSelection.java'
 - class annotations:       Array<T>(0x0000000000000000)
 - class type annotations:  Array<T>(0x0000000000000000)
 - field annotations:       Array<T>(0x0000000000000000)
 - field type annotations:  Array<T>(0x0000000000000000)
 - inner classes:     Array<T>(0x000001ce295d1e80)
 - nest members:     Array<T>(0x000001ce295d1e80)
 - permitted subclasses:     Array<T>(0x000001ce295d1e80)
 - java mirror:       a 'java/lang/Class'{0x0000000085c2b1a8} = 'org/hibernate/sql/ast/spi/SqlSelection'
 - vtable length      5  (start addr: 0x000001ce2a77efc0)
 - itable length      0 (start addr: 0x000001ce2a77efe8)
 - ---- static fields (0 words):
 - ---- non-static fields (0 words):
 - non-static oop maps: 
R15=0x000000008681a808 is an oop: org.hibernate.sql.ast.tree.expression.ColumnReference 
{0x000000008681a808} - klass: 'org/hibernate/sql/ast/tree/expression/ColumnReference'
 - ---- fields (total size 5 words):
 - private final 'isFormula' 'Z' @12  false
 - private final 'qualifier' 'Ljava/lang/String;' @16  "t1_0"{0x0000000086819320} (86819320)
 - private final 'columnExpression' 'Ljava/lang/String;' @20  "dpi"{0x0000000086651080} (86651080)
 - private final 'selectablePath' 'Lorg/hibernate/metamodel/mapping/SelectablePath;' @24  a 'org/hibernate/metamodel/mapping/SelectablePath'{0x00000000866840a8} (866840a8)
 - private final 'readExpression' 'Ljava/lang/String;' @28  
[error occurred during error reporting (printing register info), id 0xc0000005, EXCEPTION_ACCESS_VIOLATION (0xc0000005) at pc=0x00007ffb12bf6c53]

Top of Stack: (sp=0x000000401e0ffb58)
0x000000401e0ffb58:   00007ffb128639ad 00000000000bebc2
0x000000401e0ffb68:   00000000007270e0 000063f5d7ff4594
0x000000401e0ffb78:   000000401e0ffd30 00000000864840c0
0x000000401e0ffb88:   00007ffb128637ad 000001ce0a9477b0
0x000000401e0ffb98:   000000401e0ffd30 000001ce2a77edf0
0x000000401e0ffba8:   00007ffb12c0373c 000000008681a82c
0x000000401e0ffbb8:   00007ffb128618ad 000000008681a824
0x000000401e0ffbc8:   00007ffb12861d6d 000000401e0ffc00
0x000000401e0ffbd8:   00007ffb128614f1 000000401e0ffcf0
0x000000401e0ffbe8:   0000000000000001 000000008681a808
0x000000401e0ffbf8:   00007ffb128614f1 000001ce2a77eaa0
0x000000401e0ffc08:   0000000000000005 000000401e0ffd30
0x000000401e0ffc18:   0000000000000000 000001ce0a9477b0
0x000000401e0ffc28:   00007ffb12876d34 000000008681a808
0x000000401e0ffc38:   000001ce0a92d0a0 000000401e0ffcf0
0x000000401e0ffc48:   000001ce0a92d0a0 000000008681a808 

Instructions: (pc=0x00007ffb1273d8b6)
0x00007ffb1273d7b6:   0f 28 44 24 20 0f 11 86 f8 02 00 00 48 8b 5c 24
0x00007ffb1273d7c6:   40 48 8b 74 24 48 48 83 c4 30 5f c3 48 8b 07 48
0x00007ffb1273d7d6:   8d 54 24 20 48 8b cf ff 50 38 48 8b 5c 24 40 48
0x00007ffb1273d7e6:   8b 74 24 48 48 83 c4 30 5f c3 48 89 5c 24 08 57
0x00007ffb1273d7f6:   48 83 ec 30 48 8b 02 48 8b f9 48 8b ca 48 8b da
0x00007ffb1273d806:   ff 50 38 84 c0 74 3c 48 83 bb 00 03 00 00 00 74
0x00007ffb1273d816:   32 0f 10 83 f8 02 00 00 48 8b 07 48 8d 54 24 20
0x00007ffb1273d826:   48 8b cf 0f 29 44 24 20 ff 50 40 33 c0 48 89 44
0x00007ffb1273d836:   24 20 48 89 44 24 28 0f 28 44 24 20 0f 11 83 f8
0x00007ffb1273d846:   02 00 00 48 8b 5c 24 40 48 83 c4 30 5f c3 cc cc
0x00007ffb1273d856:   cc cc cc cc cc cc cc cc cc cc 48 8b 49 40 48 8b
0x00007ffb1273d866:   01 48 ff 60 28 cc cc cc cc cc 80 3d e1 b6 95 00
0x00007ffb1273d876:   00 48 8b c1 74 1b 8b 51 08 8b 0d 43 3a 8f 00 48
0x00007ffb1273d886:   d3 e2 48 8b c8 48 03 15 2e 3a 8f 00 e9 19 00 00
0x00007ffb1273d896:   00 48 8b 51 08 48 8b c8 e9 0d 00 00 00 cc cc cc
0x00007ffb1273d8a6:   cc cc cc cc cc cc cc cc cc cc 4c 8b ca 48 8b d1
0x00007ffb1273d8b6:   45 8b 41 08 45 85 c0 7e 0e 41 f6 c0 01 75 56 41
0x00007ffb1273d8c6:   c1 f8 03 41 8b c0 c3 79 4c 80 3d 82 b6 95 00 00
0x00007ffb1273d8d6:   b8 0c 00 00 00 b9 10 00 00 00 0f 45 c8 8b 05 fb
0x00007ffb1273d8e6:   48 8f 00 ff c8 4c 63 c8 48 63 14 11 41 8b c8 83
0x00007ffb1273d8f6:   e1 3f 48 d3 e2 41 8b c8 48 c1 f9 10 0f b6 c1 49
0x00007ffb1273d906:   8d 0c 11 49 f7 d1 48 03 c1 49 c1 e9 03 48 c1 e8
0x00007ffb1273d916:   03 41 23 c1 c3 49 8b 01 49 8b c9 48 ff a0 00 01
0x00007ffb1273d926:   00 00 cc cc cc cc cc cc cc cc 48 83 ec 38 0f 10
0x00007ffb1273d936:   02 48 8b 49 40 48 8d 54 24 20 0f 29 44 24 20 e8
0x00007ffb1273d946:   86 f2 ff ff 48 83 c4 38 c3 cc 48 83 ec 38 0f 10
0x00007ffb1273d956:   02 48 8b 01 48 8d 54 24 20 0f 29 44 24 20 ff 50
0x00007ffb1273d966:   38 48 83 c4 38 c3 cc cc cc cc 48 89 5c 24 08 55
0x00007ffb1273d976:   56 57 41 54 41 55 41 56 41 57 48 8d 6c 24 e0 48
0x00007ffb1273d986:   81 ec 20 01 00 00 48 8b 05 35 38 92 00 48 33 c4
0x00007ffb1273d996:   48 89 45 10 48 8b 05 af ac 94 00 45 33 ed 4c 8b
0x00007ffb1273d9a6:   b5 80 00 00 00 4c 8b fa 48 8b bd 88 00 00 00 4d 


Stack slot to memory mapping:
stack at sp + 0 slots: 0x00007ffb128639ad jvm.dll
stack at sp + 1 slots: 0x00000000000bebc2 is an unknown value
stack at sp + 2 slots: 0x00000000007270e0 is an unknown value
stack at sp + 3 slots: 0x000063f5d7ff4594 is an unknown value
stack at sp + 4 slots: 0x000000401e0ffd30 points into unknown readable memory: 0x00007ffb12e8a298 | 98 a2 e8 12 fb 7f 00 00
stack at sp + 5 slots: 0x00000000864840c0 is pointing into object: [B 
{0x0000000086484098} - klass: {type array byte}
 - length: 72
stack at sp + 6 slots: 0x00007ffb128637ad jvm.dll
stack at sp + 7 slots: 0x000001ce0a9477b0 points into unknown readable memory: 0x00007ffb12e8a278 | 78 a2 e8 12 fb 7f 00 00


---------------  P R O C E S S  ---------------

Threads class SMR info:
_java_thread_list=0x000001ce6eaf3ac0, length=32, elements={
0x000001ce28853ee0, 0x000001ce288548a0, 0x000001ce2886a300, 0x000001ce2886acc0,
0x000001ce2886b680, 0x000001ce2886c040, 0x000001ce28874f50, 0x000001ce2887cec0,
0x000001ce28882eb0, 0x000001ce28af2270, 0x000001ce28b1b1c0, 0x000001ce723299b0,
0x000001ce72329ec0, 0x000001ce72b67900, 0x000001ce72b669d0, 0x000001ce7232a8e0,
0x000001ce7232b300, 0x000001ce7232c230, 0x000001ce7232c740, 0x000001ce72b664c0,
0x000001ce72b673f0, 0x000001ce72b65080, 0x000001ce72b6aba0, 0x000001ce72b68d40,
0x000001ce72b69c70, 0x000001ce72b6a180, 0x000001ce72b6ca00, 0x000001ce72b6a690,
0x000001ce72b6b0b0, 0x000001ce72b6b5c0, 0x000001ce72b6bad0, 0x000001ce72b6bfe0
}

Java Threads: ( => current thread )
  0x000001ce28853ee0 JavaThread "Reference Handler" daemon [_thread_blocked, id=4748, stack(0x000000401e400000,0x000000401e500000)]
  0x000001ce288548a0 JavaThread "Finalizer" daemon [_thread_blocked, id=8668, stack(0x000000401e500000,0x000000401e600000)]
  0x000001ce2886a300 JavaThread "Signal Dispatcher" daemon [_thread_blocked, id=8028, stack(0x000000401e600000,0x000000401e700000)]
  0x000001ce2886acc0 JavaThread "Attach Listener" daemon [_thread_blocked, id=11460, stack(0x000000401e700000,0x000000401e800000)]
  0x000001ce2886b680 JavaThread "Service Thread" daemon [_thread_blocked, id=12564, stack(0x000000401e800000,0x000000401e900000)]
  0x000001ce2886c040 JavaThread "Monitor Deflation Thread" daemon [_thread_blocked, id=7508, stack(0x000000401e900000,0x000000401ea00000)]
  0x000001ce28874f50 JavaThread "C2 CompilerThread0" daemon [_thread_blocked, id=20160, stack(0x000000401ea00000,0x000000401eb00000)]
  0x000001ce2887cec0 JavaThread "C1 CompilerThread0" daemon [_thread_blocked, id=14892, stack(0x000000401eb00000,0x000000401ec00000)]
  0x000001ce28882eb0 JavaThread "Sweeper thread" daemon [_thread_blocked, id=20424, stack(0x000000401ec00000,0x000000401ed00000)]
  0x000001ce28af2270 JavaThread "Notification Thread" daemon [_thread_blocked, id=9332, stack(0x000000401ed00000,0x000000401ee00000)]
  0x000001ce28b1b1c0 JavaThread "Common-Cleaner" daemon [_thread_blocked, id=2440, stack(0x000000401ef00000,0x000000401f000000)]
  0x000001ce723299b0 JavaThread "mysql-cj-abandoned-connection-cleanup" daemon [_thread_blocked, id=16552, stack(0x000000401ff00000,0x0000004020000000)]
  0x000001ce72329ec0 JavaThread "PostgreSQL-JDBC-Cleaner" daemon [_thread_blocked, id=6688, stack(0x000000401f000000,0x000000401f100000)]
  0x000001ce72b67900 JavaThread "Live Reload Server" daemon [_thread_in_native, id=20240, stack(0x0000004020600000,0x0000004020700000)]
  0x000001ce72b669d0 JavaThread "DestroyJavaVM" [_thread_blocked, id=11116, stack(0x000000401dd00000,0x000000401de00000)]
  0x000001ce7232a8e0 JavaThread "Catalina-utility-1" [_thread_blocked, id=4340, stack(0x000000401fc00000,0x000000401fd00000)]
  0x000001ce7232b300 JavaThread "Catalina-utility-2" [_thread_blocked, id=16108, stack(0x000000401fd00000,0x000000401fe00000)]
  0x000001ce7232c230 JavaThread "container-0" [_thread_blocked, id=10808, stack(0x000000401fe00000,0x000000401ff00000)]
  0x000001ce7232c740 JavaThread "HikariPool-3 housekeeper" daemon [_thread_blocked, id=23344, stack(0x0000004020000000,0x0000004020100000)]
  0x000001ce72b664c0 JavaThread "File Watcher" daemon [_thread_blocked, id=17556, stack(0x0000004020200000,0x0000004020300000)]
  0x000001ce72b673f0 JavaThread "http-nio-8080-exec-1" daemon [_thread_blocked, id=6772, stack(0x0000004020300000,0x0000004020400000)]
  0x000001ce72b65080 JavaThread "http-nio-8080-exec-2" daemon [_thread_blocked, id=10620, stack(0x0000004020400000,0x0000004020500000)]
  0x000001ce72b6aba0 JavaThread "http-nio-8080-exec-3" daemon [_thread_blocked, id=7388, stack(0x0000004020500000,0x0000004020600000)]
  0x000001ce72b68d40 JavaThread "http-nio-8080-exec-4" daemon [_thread_blocked, id=15752, stack(0x0000004020700000,0x0000004020800000)]
  0x000001ce72b69c70 JavaThread "http-nio-8080-exec-5" daemon [_thread_blocked, id=12268, stack(0x0000004020800000,0x0000004020900000)]
  0x000001ce72b6a180 JavaThread "http-nio-8080-exec-6" daemon [_thread_blocked, id=21936, stack(0x0000004020900000,0x0000004020a00000)]
  0x000001ce72b6ca00 JavaThread "http-nio-8080-exec-7" daemon [_thread_blocked, id=13128, stack(0x0000004020a00000,0x0000004020b00000)]
  0x000001ce72b6a690 JavaThread "http-nio-8080-exec-8" daemon [_thread_blocked, id=5880, stack(0x0000004020b00000,0x0000004020c00000)]
  0x000001ce72b6b0b0 JavaThread "http-nio-8080-exec-9" daemon [_thread_blocked, id=17856, stack(0x0000004020c00000,0x0000004020d00000)]
  0x000001ce72b6b5c0 JavaThread "http-nio-8080-exec-10" daemon [_thread_blocked, id=1824, stack(0x0000004020d00000,0x0000004020e00000)]
  0x000001ce72b6bad0 JavaThread "http-nio-8080-Poller" daemon [_thread_in_native, id=21164, stack(0x0000004020e00000,0x0000004020f00000)]
  0x000001ce72b6bfe0 JavaThread "http-nio-8080-Acceptor" daemon [_thread_in_native, id=1512, stack(0x0000004020f00000,0x0000004021000000)]

Other Threads:
  0x000001ce2884e530 VMThread "VM Thread" [stack: 0x000000401e300000,0x000000401e400000] [id=22988]
  0x000001ce0a945fa0 WatcherThread [stack: 0x000000401ee00000,0x000000401ef00000] [id=17196]
  0x000001ce0a92ba70 GCTaskThread "GC Thread#0" [stack: 0x000000401de00000,0x000000401df00000] [id=19524]
  0x000001ce6e6d0d40 GCTaskThread "GC Thread#1" [stack: 0x000000401f100000,0x000000401f200000] [id=21836]
  0x000001ce6e7bb500 GCTaskThread "GC Thread#2" [stack: 0x000000401f200000,0x000000401f300000] [id=7412]
  0x000001ce6e714550 GCTaskThread "GC Thread#3" [stack: 0x000000401f300000,0x000000401f400000] [id=7308]
  0x000001ce6e714e20 GCTaskThread "GC Thread#4" [stack: 0x000000401f400000,0x000000401f500000] [id=6504]
  0x000001ce6e8cbcf0 GCTaskThread "GC Thread#5" [stack: 0x000000401f900000,0x000000401fa00000] [id=21780]
  0x000001ce6e8cbfb0 GCTaskThread "GC Thread#6" [stack: 0x000000401fa00000,0x000000401fb00000] [id=20204]
  0x000001ce6eb39320 GCTaskThread "GC Thread#7" [stack: 0x000000401fb00000,0x000000401fc00000] [id=13400]
  0x000001ce0a93d150 ConcurrentGCThread "G1 Main Marker" [stack: 0x000000401df00000,0x000000401e000000] [id=15580]
=>0x000001ce0a93e830 ConcurrentGCThread "G1 Conc#0" [stack: 0x000000401e000000,0x000000401e100000] [id=21260]
  0x000001ce6fa4ef10 ConcurrentGCThread "G1 Conc#1" [stack: 0x000000401f800000,0x000000401f900000] [id=11808]
  0x000001ce0a98eaa0 ConcurrentGCThread "G1 Refine#0" [stack: 0x000000401e100000,0x000000401e200000] [id=23128]
  0x000001ce286f3620 ConcurrentGCThread "G1 Service" [stack: 0x000000401e200000,0x000000401e300000] [id=16976]

Threads with active compile tasks:

VM state: not at safepoint (normal execution)

VM Mutex/Monitor currently owned by a thread: None

Heap address: 0x0000000084400000, size: 1980 MB, Compressed Oops mode: 32-bit

CDS archive(s) mapped at: [0x000001ce29000000-0x000001ce29bd0000-0x000001ce29bd0000), size 12386304, SharedBaseAddress: 0x000001ce29000000, ArchiveRelocationMode: 1.
Compressed class space mapped at: 0x000001ce2a000000-0x000001ce6a000000, reserved size: 1073741824
Narrow klass base: 0x000001ce29000000, Narrow klass shift: 0, Narrow klass range: 0x100000000

GC Precious Log:
 CPUs: 8 total, 8 available
 Memory: 7914M
 Large Page Support: Disabled
 NUMA Support: Disabled
 Compressed Oops: Enabled (32-bit)
 Heap Region Size: 1M
 Heap Min Capacity: 8M
 Heap Initial Capacity: 124M
 Heap Max Capacity: 1980M
 Pre-touch: Disabled
 Parallel Workers: 8
 Concurrent Workers: 2
 Concurrent Refinement Workers: 8
 Periodic GC: Disabled

Heap:
 garbage-first heap   total 99328K, used 41000K [0x0000000084400000, 0x0000000100000000)
  region size 1024K, 2 young (2048K), 1 survivors (1024K)
 Metaspace       used 77141K, committed 77696K, reserved 1179648K
  class space    used 10114K, committed 10368K, reserved 1048576K

Heap Regions: E=young(eden), S=young(survivor), O=old, HS=humongous(starts), HC=humongous(continues), CS=collection set, F=free, OA=open archive, CA=closed archive, TAMS=top-at-mark-start (previous, next)
|   0|0x0000000084400000, 0x0000000084500000, 0x0000000084500000|100%|HS|  |TAMS 0x0000000084500000, 0x0000000084500000| Complete 
|   1|0x0000000084500000, 0x0000000084600000, 0x0000000084600000|100%| O|  |TAMS 0x0000000084600000, 0x0000000084600000| Untracked 
|   2|0x0000000084600000, 0x00000000846fffa0, 0x0000000084700000| 99%| O|  |TAMS 0x00000000846fffa0, 0x00000000846fffa0| Untracked 
|   3|0x0000000084700000, 0x00000000847fffb0, 0x0000000084800000| 99%| O|  |TAMS 0x00000000847fffb0, 0x00000000847fffb0| Untracked 
|   4|0x0000000084800000, 0x0000000084900000, 0x0000000084900000|100%| O|  |TAMS 0x0000000084900000, 0x0000000084900000| Untracked 
|   5|0x0000000084900000, 0x0000000084a00000, 0x0000000084a00000|100%| O|  |TAMS 0x0000000084a00000, 0x0000000084a00000| Untracked 
|   6|0x0000000084a00000, 0x0000000084b00000, 0x0000000084b00000|100%| O|  |TAMS 0x0000000084b00000, 0x0000000084b00000| Untracked 
|   7|0x0000000084b00000, 0x0000000084c00000, 0x0000000084c00000|100%| O|  |TAMS 0x0000000084c00000, 0x0000000084c00000| Untracked 
|   8|0x0000000084c00000, 0x0000000084cffff8, 0x0000000084d00000| 99%| O|  |TAMS 0x0000000084cffff8, 0x0000000084cffff8| Untracked 
|   9|0x0000000084d00000, 0x0000000084dffff8, 0x0000000084e00000| 99%| O|  |TAMS 0x0000000084dffff8, 0x0000000084dffff8| Untracked 
|  10|0x0000000084e00000, 0x0000000084efffd8, 0x0000000084f00000| 99%| O|  |TAMS 0x0000000084efffd8, 0x0000000084efffd8| Untracked 
|  11|0x0000000084f00000, 0x0000000084ffffe8, 0x0000000085000000| 99%| O|  |TAMS 0x0000000084ffffe8, 0x0000000084ffffe8| Untracked 
|  12|0x0000000085000000, 0x00000000850ffff8, 0x0000000085100000| 99%| O|  |TAMS 0x00000000850ffff8, 0x00000000850ffff8| Untracked 
|  13|0x0000000085100000, 0x00000000851ffff0, 0x0000000085200000| 99%| O|  |TAMS 0x00000000851ffff0, 0x00000000851ffff0| Untracked 
|  14|0x0000000085200000, 0x00000000852ffff8, 0x0000000085300000| 99%| O|  |TAMS 0x00000000852ffff8, 0x00000000852ffff8| Untracked 
|  15|0x0000000085300000, 0x00000000853ffee0, 0x0000000085400000| 99%| O|  |TAMS 0x00000000853ffee0, 0x00000000853ffee0| Untracked 
|  16|0x0000000085400000, 0x00000000854fffe0, 0x0000000085500000| 99%| O|  |TAMS 0x00000000854fffe0, 0x00000000854fffe0| Untracked 
|  17|0x0000000085500000, 0x00000000855ffff8, 0x0000000085600000| 99%| O|  |TAMS 0x00000000855ffff8, 0x00000000855ffff8| Untracked 
|  18|0x0000000085600000, 0x00000000856fffe0, 0x0000000085700000| 99%| O|  |TAMS 0x00000000856fffe0, 0x00000000856fffe0| Untracked 
|  19|0x0000000085700000, 0x00000000857fffe8, 0x0000000085800000| 99%| O|  |TAMS 0x00000000857fffe8, 0x00000000857fffe8| Untracked 
|  20|0x0000000085800000, 0x00000000858fffd8, 0x0000000085900000| 99%| O|  |TAMS 0x00000000858fffd8, 0x00000000858fffd8| Untracked 
|  21|0x0000000085900000, 0x0000000085a00000, 0x0000000085a00000|100%| O|  |TAMS 0x0000000085a00000, 0x0000000085a00000| Untracked 
|  22|0x0000000085a00000, 0x0000000085afffd0, 0x0000000085b00000| 99%| O|  |TAMS 0x0000000085afffd0, 0x0000000085afffd0| Untracked 
|  23|0x0000000085b00000, 0x0000000085c00000, 0x0000000085c00000|100%| O|  |TAMS 0x0000000085c00000, 0x0000000085c00000| Untracked 
|  24|0x0000000085c00000, 0x0000000085cfffd8, 0x0000000085d00000| 99%| O|  |TAMS 0x0000000085cfffd8, 0x0000000085cfffd8| Untracked 
|  25|0x0000000085d00000, 0x0000000085d00000, 0x0000000085e00000|  0%| F|  |TAMS 0x0000000085d00000, 0x0000000085d00000| Untracked 
|  26|0x0000000085e00000, 0x0000000085e00000, 0x0000000085f00000|  0%| F|  |TAMS 0x0000000085e00000, 0x0000000085e00000| Untracked 
|  27|0x0000000085f00000, 0x0000000085fe5d78, 0x0000000086000000| 89%| O|  |TAMS 0x0000000085fe5d78, 0x0000000085fe5d78| Untracked 
|  28|0x0000000086000000, 0x0000000086100000, 0x0000000086100000|100%| O|  |TAMS 0x0000000086100000, 0x0000000086100000| Untracked 
|  29|0x0000000086100000, 0x0000000086200000, 0x0000000086200000|100%| O|  |TAMS 0x0000000086200000, 0x0000000086200000| Untracked 
|  30|0x0000000086200000, 0x0000000086300000, 0x0000000086300000|100%| O|  |TAMS 0x0000000086300000, 0x0000000086300000| Untracked 
|  31|0x0000000086300000, 0x0000000086383a98, 0x0000000086400000| 51%| O|  |TAMS 0x0000000086383a98, 0x0000000086383a98| Untracked 
|  32|0x0000000086400000, 0x0000000086500000, 0x0000000086500000|100%| O|  |TAMS 0x0000000086500000, 0x0000000086500000| Untracked 
|  33|0x0000000086500000, 0x0000000086600000, 0x0000000086600000|100%| O|  |TAMS 0x0000000086600000, 0x0000000086600000| Untracked 
|  34|0x0000000086600000, 0x0000000086700000, 0x0000000086700000|100%| O|  |TAMS 0x0000000086700000, 0x0000000086700000| Untracked 
|  35|0x0000000086700000, 0x0000000086800000, 0x0000000086800000|100%| O|  |TAMS 0x0000000086800000, 0x0000000086800000| Untracked 
|  36|0x0000000086800000, 0x0000000086900000, 0x0000000086900000|100%| O|  |TAMS 0x0000000086900000, 0x0000000086900000| Untracked 
|  37|0x0000000086900000, 0x0000000086a00000, 0x0000000086a00000|100%| O|  |TAMS 0x0000000086a00000, 0x0000000086a00000| Untracked 
|  38|0x0000000086a00000, 0x0000000086b00000, 0x0000000086b00000|100%| O|  |TAMS 0x0000000086b00000, 0x0000000086b00000| Untracked 
|  39|0x0000000086b00000, 0x0000000086c00000, 0x0000000086c00000|100%| O|  |TAMS 0x0000000086c00000, 0x0000000086c00000| Untracked 
|  40|0x0000000086c00000, 0x0000000086d00000, 0x0000000086d00000|100%| O|  |TAMS 0x0000000086d00000, 0x0000000086d00000| Untracked 
|  41|0x0000000086d00000, 0x0000000086dd2e00, 0x0000000086e00000| 82%| O|  |TAMS 0x0000000086da2400, 0x0000000086dd2e00| Untracked 
|  42|0x0000000086e00000, 0x0000000086e00000, 0x0000000086f00000|  0%| F|  |TAMS 0x0000000086e00000, 0x0000000086e00000| Untracked 
|  43|0x0000000086f00000, 0x0000000086f00000, 0x0000000087000000|  0%| F|  |TAMS 0x0000000086f00000, 0x0000000086f00000| Untracked 
|  44|0x0000000087000000, 0x0000000087000000, 0x0000000087100000|  0%| F|  |TAMS 0x0000000087000000, 0x0000000087000000| Untracked 
|  45|0x0000000087100000, 0x0000000087100000, 0x0000000087200000|  0%| F|  |TAMS 0x0000000087100000, 0x0000000087100000| Untracked 
|  46|0x0000000087200000, 0x0000000087200000, 0x0000000087300000|  0%| F|  |TAMS 0x0000000087200000, 0x0000000087200000| Untracked 
|  47|0x0000000087300000, 0x0000000087300000, 0x0000000087400000|  0%| F|  |TAMS 0x0000000087300000, 0x0000000087300000| Untracked 
|  48|0x0000000087400000, 0x0000000087400000, 0x0000000087500000|  0%| F|  |TAMS 0x0000000087400000, 0x0000000087400000| Untracked 
|  49|0x0000000087500000, 0x0000000087500000, 0x0000000087600000|  0%| F|  |TAMS 0x0000000087500000, 0x0000000087500000| Untracked 
|  50|0x0000000087600000, 0x0000000087600000, 0x0000000087700000|  0%| F|  |TAMS 0x0000000087600000, 0x0000000087600000| Untracked 
|  51|0x0000000087700000, 0x0000000087700000, 0x0000000087800000|  0%| F|  |TAMS 0x0000000087700000, 0x0000000087700000| Untracked 
|  52|0x0000000087800000, 0x00000000878cdeb8, 0x0000000087900000| 80%| S|CS|TAMS 0x0000000087800000, 0x0000000087800000| Complete 
|  53|0x0000000087900000, 0x0000000087900000, 0x0000000087a00000|  0%| F|  |TAMS 0x0000000087900000, 0x0000000087900000| Untracked 
|  54|0x0000000087a00000, 0x0000000087a00000, 0x0000000087b00000|  0%| F|  |TAMS 0x0000000087a00000, 0x0000000087a00000| Untracked 
|  55|0x0000000087b00000, 0x0000000087b00000, 0x0000000087c00000|  0%| F|  |TAMS 0x0000000087b00000, 0x0000000087b00000| Untracked 
|  56|0x0000000087c00000, 0x0000000087c00000, 0x0000000087d00000|  0%| F|  |TAMS 0x0000000087c00000, 0x0000000087c00000| Untracked 
|  57|0x0000000087d00000, 0x0000000087d00000, 0x0000000087e00000|  0%| F|  |TAMS 0x0000000087d00000, 0x0000000087d00000| Untracked 
|  58|0x0000000087e00000, 0x0000000087e00000, 0x0000000087f00000|  0%| F|  |TAMS 0x0000000087e00000, 0x0000000087e00000| Untracked 
|  59|0x0000000087f00000, 0x0000000087f00000, 0x0000000088000000|  0%| F|  |TAMS 0x0000000087f00000, 0x0000000087f00000| Untracked 
|  60|0x0000000088000000, 0x0000000088000000, 0x0000000088100000|  0%| F|  |TAMS 0x0000000088000000, 0x0000000088000000| Untracked 
|  61|0x0000000088100000, 0x0000000088100000, 0x0000000088200000|  0%| F|  |TAMS 0x0000000088100000, 0x0000000088100000| Untracked 
|  62|0x0000000088200000, 0x0000000088200000, 0x0000000088300000|  0%| F|  |TAMS 0x0000000088200000, 0x0000000088200000| Untracked 
|  63|0x0000000088300000, 0x0000000088300000, 0x0000000088400000|  0%| F|  |TAMS 0x0000000088300000, 0x0000000088300000| Untracked 
|  64|0x0000000088400000, 0x0000000088400000, 0x0000000088500000|  0%| F|  |TAMS 0x0000000088400000, 0x0000000088400000| Untracked 
|  65|0x0000000088500000, 0x0000000088500000, 0x0000000088600000|  0%| F|  |TAMS 0x0000000088500000, 0x0000000088500000| Untracked 
|  66|0x0000000088600000, 0x0000000088600000, 0x0000000088700000|  0%| F|  |TAMS 0x0000000088600000, 0x0000000088600000| Untracked 
|  67|0x0000000088700000, 0x0000000088700000, 0x0000000088800000|  0%| F|  |TAMS 0x0000000088700000, 0x0000000088700000| Untracked 
|  68|0x0000000088800000, 0x0000000088800000, 0x0000000088900000|  0%| F|  |TAMS 0x0000000088800000, 0x0000000088800000| Untracked 
|  69|0x0000000088900000, 0x0000000088900000, 0x0000000088a00000|  0%| F|  |TAMS 0x0000000088900000, 0x0000000088900000| Untracked 
|  70|0x0000000088a00000, 0x0000000088a00000, 0x0000000088b00000|  0%| F|  |TAMS 0x0000000088a00000, 0x0000000088a00000| Untracked 
|  71|0x0000000088b00000, 0x0000000088b00000, 0x0000000088c00000|  0%| F|  |TAMS 0x0000000088b00000, 0x0000000088b00000| Untracked 
|  72|0x0000000088c00000, 0x0000000088c00000, 0x0000000088d00000|  0%| F|  |TAMS 0x0000000088c00000, 0x0000000088c00000| Untracked 
|  73|0x0000000088d00000, 0x0000000088d00000, 0x0000000088e00000|  0%| F|  |TAMS 0x0000000088d00000, 0x0000000088d00000| Untracked 
|  74|0x0000000088e00000, 0x0000000088e00000, 0x0000000088f00000|  0%| F|  |TAMS 0x0000000088e00000, 0x0000000088e00000| Untracked 
|  75|0x0000000088f00000, 0x0000000088f00000, 0x0000000089000000|  0%| F|  |TAMS 0x0000000088f00000, 0x0000000088f00000| Untracked 
|  76|0x0000000089000000, 0x0000000089000000, 0x0000000089100000|  0%| F|  |TAMS 0x0000000089000000, 0x0000000089000000| Untracked 
|  77|0x0000000089100000, 0x0000000089100000, 0x0000000089200000|  0%| F|  |TAMS 0x0000000089100000, 0x0000000089100000| Untracked 
|  78|0x0000000089200000, 0x0000000089200000, 0x0000000089300000|  0%| F|  |TAMS 0x0000000089200000, 0x0000000089200000| Untracked 
|  79|0x0000000089300000, 0x0000000089300000, 0x0000000089400000|  0%| F|  |TAMS 0x0000000089300000, 0x0000000089300000| Untracked 
|  80|0x0000000089400000, 0x0000000089400000, 0x0000000089500000|  0%| F|  |TAMS 0x0000000089400000, 0x0000000089400000| Untracked 
|  81|0x0000000089500000, 0x0000000089500000, 0x0000000089600000|  0%| F|  |TAMS 0x0000000089500000, 0x0000000089500000| Untracked 
|  82|0x0000000089600000, 0x0000000089600000, 0x0000000089700000|  0%| F|  |TAMS 0x0000000089600000, 0x0000000089600000| Untracked 
|  83|0x0000000089700000, 0x0000000089700000, 0x0000000089800000|  0%| F|  |TAMS 0x0000000089700000, 0x0000000089700000| Untracked 
|  84|0x0000000089800000, 0x0000000089800000, 0x0000000089900000|  0%| F|  |TAMS 0x0000000089800000, 0x0000000089800000| Untracked 
|  85|0x0000000089900000, 0x0000000089900000, 0x0000000089a00000|  0%| F|  |TAMS 0x0000000089900000, 0x0000000089900000| Untracked 
|  86|0x0000000089a00000, 0x0000000089a00000, 0x0000000089b00000|  0%| F|  |TAMS 0x0000000089a00000, 0x0000000089a00000| Untracked 
|  87|0x0000000089b00000, 0x0000000089b00000, 0x0000000089c00000|  0%| F|  |TAMS 0x0000000089b00000, 0x0000000089b00000| Untracked 
|  88|0x0000000089c00000, 0x0000000089c00000, 0x0000000089d00000|  0%| F|  |TAMS 0x0000000089c00000, 0x0000000089c00000| Untracked 
|  89|0x0000000089d00000, 0x0000000089d00000, 0x0000000089e00000|  0%| F|  |TAMS 0x0000000089d00000, 0x0000000089d00000| Untracked 
|  90|0x0000000089e00000, 0x0000000089e00000, 0x0000000089f00000|  0%| F|  |TAMS 0x0000000089e00000, 0x0000000089e00000| Untracked 
|  91|0x0000000089f00000, 0x0000000089f00000, 0x000000008a000000|  0%| F|  |TAMS 0x0000000089f00000, 0x0000000089f00000| Untracked 
|  92|0x000000008a000000, 0x000000008a000000, 0x000000008a100000|  0%| F|  |TAMS 0x000000008a000000, 0x000000008a000000| Untracked 
|  93|0x000000008a100000, 0x000000008a100000, 0x000000008a200000|  0%| F|  |TAMS 0x000000008a100000, 0x000000008a100000| Untracked 
|  94|0x000000008a200000, 0x000000008a200000, 0x000000008a300000|  0%| F|  |TAMS 0x000000008a200000, 0x000000008a200000| Untracked 
|  95|0x000000008a300000, 0x000000008a300000, 0x000000008a400000|  0%| F|  |TAMS 0x000000008a300000, 0x000000008a300000| Untracked 
|  96|0x000000008a400000, 0x000000008a480800, 0x000000008a500000| 50%| E|  |TAMS 0x000000008a400000, 0x000000008a400000| Complete 

Card table byte_map: [0x000001ce218a0000,0x000001ce21c80000] _byte_map_base: 0x000001ce2147e000

Marking Bits (Prev, Next): (CMBitMap*) 0x000001ce0a92d0e0, (CMBitMap*) 0x000001ce0a92d0a0
 Prev Bits: [0x000001ce23f50000, 0x000001ce25e40000)
 Next Bits: [0x000001ce22060000, 0x000001ce23f50000)

Polling page: 0x000001ce08aa0000

Metaspace:

Usage:
  Non-class:     65.46 MB used.
      Class:      9.88 MB used.
       Both:     75.33 MB used.

Virtual space:
  Non-class space:      128.00 MB reserved,      65.75 MB ( 51%) committed,  2 nodes.
      Class space:        1.00 GB reserved,      10.12 MB ( <1%) committed,  1 nodes.
             Both:        1.12 GB reserved,      75.88 MB (  7%) committed. 

Chunk freelists:
   Non-Class:  13.80 MB
       Class:  5.76 MB
        Both:  19.55 MB

MaxMetaspaceSize: unlimited
CompressedClassSpaceSize: 1.00 GB
Initial GC threshold: 21.00 MB
Current GC threshold: 126.50 MB
CDS: on
MetaspaceReclaimPolicy: balanced
 - commit_granule_bytes: 65536.
 - commit_granule_words: 8192.
 - virtual_space_node_default_size: 8388608.
 - enlarge_chunks_in_place: 1.
 - new_chunks_are_fully_committed: 0.
 - uncommit_free_chunks: 1.
 - use_allocation_guard: 0.
 - handle_deallocations: 1.


Internal statistics:

num_allocs_failed_limit: 12.
num_arena_births: 1004.
num_arena_deaths: 332.
num_vsnodes_births: 3.
num_vsnodes_deaths: 0.
num_space_committed: 1215.
num_space_uncommitted: 1.
num_chunks_returned_to_freelist: 409.
num_chunks_taken_from_freelist: 4073.
num_chunk_merges: 115.
num_chunk_splits: 2662.
num_chunks_enlarged: 1958.
num_inconsistent_stats: 0.

CodeHeap 'non-profiled nmethods': size=120000Kb used=8363Kb max_used=8363Kb free=111636Kb
 bounds [0x000001ce19c50000, 0x000001ce1a480000, 0x000001ce21180000]
CodeHeap 'profiled nmethods': size=120000Kb used=20221Kb max_used=20221Kb free=99778Kb
 bounds [0x000001ce12180000, 0x000001ce13540000, 0x000001ce196b0000]
CodeHeap 'non-nmethods': size=5760Kb used=1374Kb max_used=1475Kb free=4385Kb
 bounds [0x000001ce196b0000, 0x000001ce19920000, 0x000001ce19c50000]
 total_blobs=11050 nmethods=10362 adapters=599
 compilation: enabled
              stopped_count=0, restarted_count=0
 full_count=0

Compilation events (20 events):
Event: 12973.985 Thread 0x000001ce28874f50 11903  s    4       java.io.BufferedOutputStream::write (67 bytes)
Event: 12973.987 Thread 0x000001ce28874f50 nmethod 11903 0x000001ce1a474a10 code [0x000001ce1a474ba0, 0x000001ce1a4750e8]
Event: 12974.365 Thread 0x000001ce28874f50 11904       4       java.io.FilterOutputStream::write (9 bytes)
Event: 12974.371 Thread 0x000001ce28874f50 nmethod 11904 0x000001ce1a475310 code [0x000001ce1a4754c0, 0x000001ce1a4759c8]
Event: 12977.695 Thread 0x000001ce2887cec0 11905 %     3       com.sun.crypto.provider.GaloisCounterMode$GCMDecrypt::doFinal @ 345 (512 bytes)
Event: 12977.699 Thread 0x000001ce2887cec0 nmethod 11905% 0x000001ce1352cc10 code [0x000001ce1352d180, 0x000001ce13530468]
Event: 12977.702 Thread 0x000001ce2887cec0 11906       3       sun.util.calendar.BaseCalendar::getFixedDate (324 bytes)
Event: 12977.705 Thread 0x000001ce2887cec0 nmethod 11906 0x000001ce13531610 code [0x000001ce13531940, 0x000001ce13533a18]
Event: 12977.705 Thread 0x000001ce2887cec0 11907       3       com.zaxxer.hikari.pool.PoolBase::setNetworkTimeout (21 bytes)
Event: 12977.706 Thread 0x000001ce2887cec0 nmethod 11907 0x000001ce13534410 code [0x000001ce135345c0, 0x000001ce135347e8]
Event: 12981.185 Thread 0x000001ce28874f50 11908       4       sun.security.util.math.intpoly.IntegerPolynomial$Element::mutable (26 bytes)
Event: 12981.190 Thread 0x000001ce28874f50 nmethod 11908 0x000001ce1a475c10 code [0x000001ce1a475da0, 0x000001ce1a476218]
Event: 12981.190 Thread 0x000001ce28874f50 11909       4       java.util.regex.Matcher::<init> (95 bytes)
Event: 12981.202 Thread 0x000001ce28874f50 nmethod 11909 0x000001ce1a476390 code [0x000001ce1a476540, 0x000001ce1a477078]
Event: 12981.203 Thread 0x000001ce28874f50 11910   !   4       javax.crypto.Cipher::chooseFirstProvider (302 bytes)
Event: 12981.203 Thread 0x000001ce28874f50 nmethod 11910 0x000001ce1a477390 code [0x000001ce1a477500, 0x000001ce1a477598]
Event: 12981.296 Thread 0x000001ce28874f50 11911       4       com.sun.crypto.provider.GaloisCounterMode::checkInit (67 bytes)
Event: 12981.333 Thread 0x000001ce28874f50 nmethod 11911 0x000001ce1a477690 code [0x000001ce1a477920, 0x000001ce1a479f58]
Event: 12981.388 Thread 0x000001ce2887cec0 11912       3       org.postgresql.shaded.com.ongres.scram.common.bouncycastle.base64.Base64Encoder::decode (364 bytes)
Event: 12981.396 Thread 0x000001ce2887cec0 nmethod 11912 0x000001ce13534910 code [0x000001ce135353a0, 0x000001ce1353c728]

GC Heap History (20 events):
Event: 11185.667 GC heap before
{Heap before GC invocations=78 (full 2):
 garbage-first heap   total 99328K, used 81504K [0x0000000084400000, 0x0000000100000000)
  region size 1024K, 52 young (53248K), 6 survivors (6144K)
 Metaspace       used 76441K, committed 77056K, reserved 1179648K
  class space    used 10073K, committed 10368K, reserved 1048576K
}
Event: 11185.678 GC heap after
{Heap after GC invocations=79 (full 2):
 garbage-first heap   total 99328K, used 36577K [0x0000000084400000, 0x0000000100000000)
  region size 1024K, 4 young (4096K), 4 survivors (4096K)
 Metaspace       used 76441K, committed 77056K, reserved 1179648K
  class space    used 10073K, committed 10368K, reserved 1048576K
}
Event: 11185.896 GC heap before
{Heap before GC invocations=79 (full 2):
 garbage-first heap   total 99328K, used 79585K [0x0000000084400000, 0x0000000100000000)
  region size 1024K, 46 young (47104K), 4 survivors (4096K)
 Metaspace       used 76898K, committed 77440K, reserved 1179648K
  class space    used 10104K, committed 10368K, reserved 1048576K
}
Event: 11185.902 GC heap after
{Heap after GC invocations=80 (full 2):
 garbage-first heap   total 99328K, used 38639K [0x0000000084400000, 0x0000000100000000)
  region size 1024K, 2 young (2048K), 2 survivors (2048K)
 Metaspace       used 76898K, committed 77440K, reserved 1179648K
  class space    used 10104K, committed 10368K, reserved 1048576K
}
Event: 11232.952 GC heap before
{Heap before GC invocations=81 (full 2):
 garbage-first heap   total 99328K, used 79599K [0x0000000084400000, 0x0000000100000000)
  region size 1024K, 42 young (43008K), 2 survivors (2048K)
 Metaspace       used 77117K, committed 77696K, reserved 1179648K
  class space    used 10117K, committed 10432K, reserved 1048576K
}
Event: 11232.956 GC heap after
{Heap after GC invocations=82 (full 2):
 garbage-first heap   total 99328K, used 41337K [0x0000000084400000, 0x0000000100000000)
  region size 1024K, 5 young (5120K), 5 survivors (5120K)
 Metaspace       used 77117K, committed 77696K, reserved 1179648K
  class space    used 10117K, committed 10432K, reserved 1048576K
}
Event: 11572.147 GC heap before
{Heap before GC invocations=82 (full 2):
 garbage-first heap   total 99328K, used 79225K [0x0000000084400000, 0x0000000100000000)
  region size 1024K, 42 young (43008K), 5 survivors (5120K)
 Metaspace       used 77117K, committed 77696K, reserved 1179648K
  class space    used 10117K, committed 10432K, reserved 1048576K
}
Event: 11572.157 GC heap after
{Heap after GC invocations=83 (full 2):
 garbage-first heap   total 99328K, used 41547K [0x0000000084400000, 0x0000000100000000)
  region size 1024K, 4 young (4096K), 4 survivors (4096K)
 Metaspace       used 77117K, committed 77696K, reserved 1179648K
  class space    used 10117K, committed 10432K, reserved 1048576K
}
Event: 11916.887 GC heap before
{Heap before GC invocations=84 (full 2):
 garbage-first heap   total 99328K, used 80459K [0x0000000084400000, 0x0000000100000000)
  region size 1024K, 42 young (43008K), 4 survivors (4096K)
 Metaspace       used 77114K, committed 77696K, reserved 1179648K
  class space    used 10116K, committed 10432K, reserved 1048576K
}
Event: 11916.902 GC heap after
{Heap after GC invocations=85 (full 2):
 garbage-first heap   total 99328K, used 41429K [0x0000000084400000, 0x0000000100000000)
  region size 1024K, 4 young (4096K), 4 survivors (4096K)
 Metaspace       used 77114K, committed 77696K, reserved 1179648K
  class space    used 10116K, committed 10432K, reserved 1048576K
}
Event: 11925.081 GC heap before
{Heap before GC invocations=85 (full 2):
 garbage-first heap   total 99328K, used 42453K [0x0000000084400000, 0x0000000100000000)
  region size 1024K, 5 young (5120K), 4 survivors (4096K)
 Metaspace       used 77114K, committed 77696K, reserved 1179648K
  class space    used 10116K, committed 10432K, reserved 1048576K
}
Event: 11925.095 GC heap after
{Heap after GC invocations=86 (full 2):
 garbage-first heap   total 99328K, used 41262K [0x0000000084400000, 0x0000000100000000)
  region size 1024K, 1 young (1024K), 1 survivors (1024K)
 Metaspace       used 77114K, committed 77696K, reserved 1179648K
  class space    used 10116K, committed 10432K, reserved 1048576K
}
Event: 12288.784 GC heap before
{Heap before GC invocations=86 (full 2):
 garbage-first heap   total 99328K, used 82222K [0x0000000084400000, 0x0000000100000000)
  region size 1024K, 41 young (41984K), 1 survivors (1024K)
 Metaspace       used 77114K, committed 77696K, reserved 1179648K
  class space    used 10116K, committed 10432K, reserved 1048576K
}
Event: 12288.791 GC heap after
{Heap after GC invocations=87 (full 2):
 garbage-first heap   total 99328K, used 40849K [0x0000000084400000, 0x0000000100000000)
  region size 1024K, 1 young (1024K), 1 survivors (1024K)
 Metaspace       used 77114K, committed 77696K, reserved 1179648K
  class space    used 10116K, committed 10432K, reserved 1048576K
}
Event: 12659.422 GC heap before
{Heap before GC invocations=88 (full 2):
 garbage-first heap   total 99328K, used 82833K [0x0000000084400000, 0x0000000100000000)
  region size 1024K, 42 young (43008K), 1 survivors (1024K)
 Metaspace       used 77098K, committed 77632K, reserved 1179648K
  class space    used 10114K, committed 10368K, reserved 1048576K
}
Event: 12659.424 GC heap after
{Heap after GC invocations=89 (full 2):
 garbage-first heap   total 99328K, used 40798K [0x0000000084400000, 0x0000000100000000)
  region size 1024K, 1 young (1024K), 1 survivors (1024K)
 Metaspace       used 77098K, committed 77632K, reserved 1179648K
  class space    used 10114K, committed 10368K, reserved 1048576K
}
Event: 12687.025 GC heap before
{Heap before GC invocations=89 (full 2):
 garbage-first heap   total 99328K, used 43870K [0x0000000084400000, 0x0000000100000000)
  region size 1024K, 4 young (4096K), 1 survivors (1024K)
 Metaspace       used 77098K, committed 77632K, reserved 1179648K
  class space    used 10114K, committed 10368K, reserved 1048576K
}
Event: 12687.031 GC heap after
{Heap after GC invocations=90 (full 2):
 garbage-first heap   total 99328K, used 40188K [0x0000000084400000, 0x0000000100000000)
  region size 1024K, 1 young (1024K), 1 survivors (1024K)
 Metaspace       used 77098K, committed 77632K, reserved 1179648K
  class space    used 10114K, committed 10368K, reserved 1048576K
}
Event: 13018.383 GC heap before
{Heap before GC invocations=90 (full 2):
 garbage-first heap   total 99328K, used 84220K [0x0000000084400000, 0x0000000100000000)
  region size 1024K, 44 young (45056K), 1 survivors (1024K)
 Metaspace       used 77141K, committed 77696K, reserved 1179648K
  class space    used 10114K, committed 10368K, reserved 1048576K
}
Event: 13018.385 GC heap after
{Heap after GC invocations=91 (full 2):
 garbage-first heap   total 99328K, used 41000K [0x0000000084400000, 0x0000000100000000)
  region size 1024K, 1 young (1024K), 1 survivors (1024K)
 Metaspace       used 77141K, committed 77696K, reserved 1179648K
  class space    used 10114K, committed 10368K, reserved 1048576K
}

Deoptimization events (20 events):
Event: 11185.998 Thread 0x000001ce7232a3d0 Uncommon trap: trap_request=0xffffff76 fr.pc=0x000001ce1a2f4984 relative=0x0000000000000464
Event: 11185.998 Thread 0x000001ce7232a3d0 Uncommon trap: reason=predicate action=maybe_recompile pc=0x000001ce1a2f4984 method=java.util.HashMap.keysToArray([Ljava/lang/Object;)[Ljava/lang/Object; @ 46 c2
Event: 11185.998 Thread 0x000001ce7232a3d0 DEOPT PACKING pc=0x000001ce1a2f4984 sp=0x000000401f5f89b0
Event: 11185.998 Thread 0x000001ce7232a3d0 DEOPT UNPACKING pc=0x000001ce19705ba3 sp=0x000000401f5f8950 mode 2
Event: 11185.998 Thread 0x000001ce7232a3d0 Uncommon trap: trap_request=0xffffffd6 fr.pc=0x000001ce1a4167ec relative=0x000000000000044c
Event: 11185.998 Thread 0x000001ce7232a3d0 Uncommon trap: reason=array_check action=maybe_recompile pc=0x000001ce1a4167ec method=java.util.HashMap.keysToArray([Ljava/lang/Object;)[Ljava/lang/Object; @ 62 c2
Event: 11185.998 Thread 0x000001ce7232a3d0 DEOPT PACKING pc=0x000001ce1a4167ec sp=0x000000401f5f89e0
Event: 11185.998 Thread 0x000001ce7232a3d0 DEOPT UNPACKING pc=0x000001ce19705ba3 sp=0x000000401f5f8978 mode 2
Event: 11186.044 Thread 0x000001ce7232a3d0 Uncommon trap: trap_request=0xfffffff4 fr.pc=0x000001ce1a4040f0 relative=0x0000000000004dd0
Event: 11186.044 Thread 0x000001ce7232a3d0 Uncommon trap: reason=null_check action=make_not_entrant pc=0x000001ce1a4040f0 method=org.springframework.core.annotation.TypeMappedAnnotation.isTargetAnnotation(Ljava/lang/Object;)Z @ 5 c2
Event: 11186.044 Thread 0x000001ce7232a3d0 DEOPT PACKING pc=0x000001ce1a4040f0 sp=0x000000401f5fd890
Event: 11186.044 Thread 0x000001ce7232a3d0 DEOPT UNPACKING pc=0x000001ce19705ba3 sp=0x000000401f5fd6f0 mode 2
Event: 11186.171 Thread 0x000001ce72b65aa0 Uncommon trap: trap_request=0xffffffbe fr.pc=0x000001ce1a3c8e60 relative=0x0000000000001f20
Event: 11186.171 Thread 0x000001ce72b65aa0 Uncommon trap: reason=profile_predicate action=maybe_recompile pc=0x000001ce1a3c8e60 method=org.postgresql.core.Parser.parseJdbcSql(Ljava/lang/String;ZZZZZ[Ljava/lang/String;)Ljava/util/List; @ 134 c2
Event: 11186.172 Thread 0x000001ce72b65aa0 DEOPT PACKING pc=0x000001ce1a3c8e60 sp=0x000000401f6fe8f0
Event: 11186.172 Thread 0x000001ce72b65aa0 DEOPT UNPACKING pc=0x000001ce19705ba3 sp=0x000000401f6fe820 mode 2
Event: 11186.950 Thread 0x000001ce72b65aa0 Uncommon trap: trap_request=0xffffffbe fr.pc=0x000001ce1a3c8e60 relative=0x0000000000001f20
Event: 11186.950 Thread 0x000001ce72b65aa0 Uncommon trap: reason=profile_predicate action=maybe_recompile pc=0x000001ce1a3c8e60 method=org.postgresql.core.Parser.parseJdbcSql(Ljava/lang/String;ZZZZZ[Ljava/lang/String;)Ljava/util/List; @ 134 c2
Event: 11186.950 Thread 0x000001ce72b65aa0 DEOPT PACKING pc=0x000001ce1a3c8e60 sp=0x000000401f6fe8f0
Event: 11186.950 Thread 0x000001ce72b65aa0 DEOPT UNPACKING pc=0x000001ce19705ba3 sp=0x000000401f6fe820 mode 2

Classes unloaded (20 events):
Event: 6367.540 Thread 0x000001ce2884e530 Unloading class 0x000001ce2a368c00 'java/lang/invoke/LambdaForm$MH+0x000001ce2a368c00'
Event: 6367.540 Thread 0x000001ce2884e530 Unloading class 0x000001ce2a3a0c00 'java/lang/invoke/LambdaForm$MH+0x000001ce2a3a0c00'
Event: 6367.540 Thread 0x000001ce2884e530 Unloading class 0x000001ce2a3a3800 'java/lang/invoke/LambdaForm$MH+0x000001ce2a3a3800'
Event: 6367.540 Thread 0x000001ce2884e530 Unloading class 0x000001ce2a3a8400 'java/lang/invoke/LambdaForm$MH+0x000001ce2a3a8400'
Event: 6367.540 Thread 0x000001ce2884e530 Unloading class 0x000001ce2a3a8800 'java/lang/invoke/LambdaForm$MH+0x000001ce2a3a8800'
Event: 6367.541 Thread 0x000001ce2884e530 Unloading class 0x000001ce2a3b8400 'java/lang/invoke/LambdaForm$MH+0x000001ce2a3b8400'
Event: 6367.541 Thread 0x000001ce2884e530 Unloading class 0x000001ce2a404400 'java/lang/invoke/LambdaForm$MH+0x000001ce2a404400'
Event: 6367.541 Thread 0x000001ce2884e530 Unloading class 0x000001ce2a409000 'java/lang/invoke/LambdaForm$MH+0x000001ce2a409000'
Event: 6367.542 Thread 0x000001ce2884e530 Unloading class 0x000001ce2a764000 'java/lang/invoke/LambdaForm$MH+0x000001ce2a764000'
Event: 6367.542 Thread 0x000001ce2884e530 Unloading class 0x000001ce2a7e4400 'java/lang/invoke/LambdaForm$MH+0x000001ce2a7e4400'
Event: 6367.542 Thread 0x000001ce2884e530 Unloading class 0x000001ce2a7e5800 'java/lang/invoke/LambdaForm$MH+0x000001ce2a7e5800'
Event: 6367.543 Thread 0x000001ce2884e530 Unloading class 0x000001ce2a7e6400 'java/lang/invoke/LambdaForm$MH+0x000001ce2a7e6400'
Event: 6367.543 Thread 0x000001ce2884e530 Unloading class 0x000001ce2a7e8000 'java/lang/invoke/LambdaForm$MH+0x000001ce2a7e8000'
Event: 6367.543 Thread 0x000001ce2884e530 Unloading class 0x000001ce2a984000 'java/lang/invoke/LambdaForm$MH+0x000001ce2a984000'
Event: 11572.178 Thread 0x000001ce2884e530 Unloading class 0x000001ce2aa19000 'org/apache/catalina/loader/JdbcLeakPrevention'
Event: 12288.828 Thread 0x000001ce2884e530 Unloading class 0x000001ce2aa40000 'jdk/internal/reflect/GeneratedSerializationConstructorAccessor15'
Event: 12288.828 Thread 0x000001ce2884e530 Unloading class 0x000001ce2aa39c00 'jdk/internal/reflect/GeneratedSerializationConstructorAccessor14'
Event: 12288.828 Thread 0x000001ce2884e530 Unloading class 0x000001ce2aa39000 'jdk/internal/reflect/GeneratedSerializationConstructorAccessor13'
Event: 12288.828 Thread 0x000001ce2884e530 Unloading class 0x000001ce2aa38c00 'jdk/internal/reflect/GeneratedSerializationConstructorAccessor12'
Event: 12288.828 Thread 0x000001ce2884e530 Unloading class 0x000001ce2aa35c00 'jdk/internal/reflect/GeneratedSerializationConstructorAccessor11'

Classes redefined (0 events):
No events

Internal exceptions (20 events):
Event: 11185.705 Thread 0x000001ce7232a3d0 Exception <a 'java/lang/reflect/InvocationTargetException'{0x0000000089e95728}> (0x0000000089e95728) 
thrown [s\open\src\hotspot\share\runtime\reflection.cpp, line 1121]
Event: 11185.844 Thread 0x000001ce7232a3d0 Exception <a 'java/io/FileNotFoundException'{0x00000000886c40f0}> (0x00000000886c40f0) 
thrown [s\open\src\hotspot\share\prims\jni.cpp, line 516]
Event: 11185.844 Thread 0x000001ce7232a3d0 Exception <a 'java/io/FileNotFoundException'{0x00000000886cf3a8}> (0x00000000886cf3a8) 
thrown [s\open\src\hotspot\share\prims\jni.cpp, line 516]
Event: 11185.896 Thread 0x000001ce72b65aa0 Exception <a 'java/io/FileNotFoundException'{0x0000000087e213d8}> (0x0000000087e213d8) 
thrown [s\open\src\hotspot\share\prims\jni.cpp, line 516]
Event: 11185.903 Thread 0x000001ce7232a3d0 Implicit null exception at 0x000001ce19e20205 to 0x000001ce19e2048c
Event: 11186.004 Thread 0x000001ce7232a3d0 Exception <a 'sun/nio/fs/WindowsException'{0x000000008923bdc0}> (0x000000008923bdc0) 
thrown [s\open\src\hotspot\share\prims\jni.cpp, line 516]
Event: 11186.044 Thread 0x000001ce7232a3d0 Implicit null exception at 0x000001ce1a40079d to 0x000001ce1a4040dc
Event: 11186.651 Thread 0x000001ce72b65aa0 Exception <a 'java/io/FileNotFoundException'{0x000000008833f220}> (0x000000008833f220) 
thrown [s\open\src\hotspot\share\prims\jni.cpp, line 516]
Event: 11187.490 Thread 0x000001ce72b65aa0 Exception <a 'java/io/FileNotFoundException'{0x0000000088208a88}> (0x0000000088208a88) 
thrown [s\open\src\hotspot\share\prims\jni.cpp, line 516]
Event: 11188.409 Thread 0x000001ce72b65aa0 Exception <a 'java/io/FileNotFoundException'{0x00000000882d1518}> (0x00000000882d1518) 
thrown [s\open\src\hotspot\share\prims\jni.cpp, line 516]
Event: 12937.703 Thread 0x000001ce72b6c4f0 Exception <a 'java/io/FileNotFoundException'{0x00000000887697d8}> (0x00000000887697d8) 
thrown [s\open\src\hotspot\share\prims\jni.cpp, line 516]
Event: 12950.543 Thread 0x000001ce72b6c4f0 Exception <a 'java/io/FileNotFoundException'{0x000000008856ba30}> (0x000000008856ba30) 
thrown [s\open\src\hotspot\share\prims\jni.cpp, line 516]
Event: 12952.921 Thread 0x000001ce72b6c4f0 Exception <a 'java/io/FileNotFoundException'{0x0000000088421bd0}> (0x0000000088421bd0) 
thrown [s\open\src\hotspot\share\prims\jni.cpp, line 516]
Event: 12957.057 Thread 0x000001ce72b6c4f0 Exception <a 'java/io/FileNotFoundException'{0x0000000088337518}> (0x0000000088337518) 
thrown [s\open\src\hotspot\share\prims\jni.cpp, line 516]
Event: 12958.531 Thread 0x000001ce72b6c4f0 Exception <a 'java/io/FileNotFoundException'{0x0000000088238d70}> (0x0000000088238d70) 
thrown [s\open\src\hotspot\share\prims\jni.cpp, line 516]
Event: 12969.147 Thread 0x000001ce72b6c4f0 Exception <a 'java/io/FileNotFoundException'{0x00000000881e98a8}> (0x00000000881e98a8) 
thrown [s\open\src\hotspot\share\prims\jni.cpp, line 516]
Event: 12969.896 Thread 0x000001ce72b6c4f0 Exception <a 'java/io/FileNotFoundException'{0x00000000880feb50}> (0x00000000880feb50) 
thrown [s\open\src\hotspot\share\prims\jni.cpp, line 516]
Event: 12973.984 Thread 0x000001ce72b6c4f0 Exception <a 'java/io/FileNotFoundException'{0x0000000087f96060}> (0x0000000087f96060) 
thrown [s\open\src\hotspot\share\prims\jni.cpp, line 516]
Event: 12977.216 Thread 0x000001ce72b6c4f0 Exception <a 'java/io/FileNotFoundException'{0x0000000087eccd58}> (0x0000000087eccd58) 
thrown [s\open\src\hotspot\share\prims\jni.cpp, line 516]
Event: 12981.190 Thread 0x000001ce72b6c4f0 Exception <a 'java/io/FileNotFoundException'{0x0000000087de24f8}> (0x0000000087de24f8) 
thrown [s\open\src\hotspot\share\prims\jni.cpp, line 516]

VM Operations (20 events):
Event: 12950.862 Executing VM operation: Cleanup
Event: 12950.862 Executing VM operation: Cleanup done
Event: 12952.872 Executing VM operation: Cleanup
Event: 12952.872 Executing VM operation: Cleanup done
Event: 12957.914 Executing VM operation: Cleanup
Event: 12957.914 Executing VM operation: Cleanup done
Event: 12958.921 Executing VM operation: Cleanup
Event: 12958.921 Executing VM operation: Cleanup done
Event: 12969.990 Executing VM operation: Cleanup
Event: 12969.990 Executing VM operation: Cleanup done
Event: 12975.021 Executing VM operation: Cleanup
Event: 12975.021 Executing VM operation: Cleanup done
Event: 12977.036 Executing VM operation: Cleanup
Event: 12977.036 Executing VM operation: Cleanup done
Event: 12978.042 Executing VM operation: Cleanup
Event: 12978.042 Executing VM operation: Cleanup done
Event: 12982.061 Executing VM operation: Cleanup
Event: 12982.061 Executing VM operation: Cleanup done
Event: 13018.383 Executing VM operation: G1CollectForAllocation
Event: 13018.385 Executing VM operation: G1CollectForAllocation done

Events (20 events):
Event: 11186.114 Thread 0x000001ce72b6b5c0 Thread added: 0x000001ce72b6b5c0
Event: 11186.117 Thread 0x000001ce72b6bad0 Thread added: 0x000001ce72b6bad0
Event: 11186.117 Thread 0x000001ce72b6bfe0 Thread added: 0x000001ce72b6bfe0
Event: 11186.123 Thread 0x000001ce7232a3d0 Thread exited: 0x000001ce7232a3d0
Event: 11186.123 Thread 0x000001ce7232adf0 Thread exited: 0x000001ce7232adf0
Event: 11187.036 Thread 0x000001ce7115fe90 Thread exited: 0x000001ce7115fe90
Event: 11187.489 Thread 0x000001ce7115f940 Thread exited: 0x000001ce7115f940
Event: 11193.978 Thread 0x000001ce72b65aa0 Thread exited: 0x000001ce72b65aa0
Event: 12937.301 Thread 0x000001ce72b65aa0 Thread added: 0x000001ce72b65aa0
Event: 12937.302 Thread 0x000001ce72b6c4f0 Thread added: 0x000001ce72b6c4f0
Event: 12942.407 Thread 0x000001ce72b65aa0 Thread exited: 0x000001ce72b65aa0
Event: 12943.174 Thread 0x000001ce72b6c4f0 Thread exited: 0x000001ce72b6c4f0
Event: 12950.259 Thread 0x000001ce72b65aa0 Thread added: 0x000001ce72b65aa0
Event: 12950.259 Thread 0x000001ce72b6c4f0 Thread added: 0x000001ce72b6c4f0
Event: 12963.284 Thread 0x000001ce72b65aa0 Thread exited: 0x000001ce72b65aa0
Event: 12963.987 Thread 0x000001ce72b6c4f0 Thread exited: 0x000001ce72b6c4f0
Event: 12968.821 Thread 0x000001ce72b65aa0 Thread added: 0x000001ce72b65aa0
Event: 12968.821 Thread 0x000001ce72b6c4f0 Thread added: 0x000001ce72b6c4f0
Event: 12985.927 Thread 0x000001ce72b65aa0 Thread exited: 0x000001ce72b65aa0
Event: 12986.706 Thread 0x000001ce72b6c4f0 Thread exited: 0x000001ce72b6c4f0


Dynamic libraries:
0x00007ff79db60000 - 0x00007ff79db70000 	C:\Program Files\Java\jdk-17\bin\java.exe
0x00007ffb72340000 - 0x00007ffb725a8000 	C:\WINDOWS\SYSTEM32\ntdll.dll
0x00007ffb70af0000 - 0x00007ffb70bb9000 	C:\WINDOWS\System32\KERNEL32.DLL
0x00007ffb6f990000 - 0x00007ffb6fd7d000 	C:\WINDOWS\System32\KERNELBASE.dll
0x00007ffb6fe30000 - 0x00007ffb6ff7b000 	C:\WINDOWS\System32\ucrtbase.dll
0x00007ffb45470000 - 0x00007ffb4548b000 	C:\Program Files\Java\jdk-17\bin\VCRUNTIME140.dll
0x00007ffb6bd10000 - 0x00007ffb6bd29000 	C:\Program Files\Java\jdk-17\bin\jli.dll
0x00007ffb71390000 - 0x00007ffb71444000 	C:\WINDOWS\System32\ADVAPI32.dll
0x00007ffb71630000 - 0x00007ffb716d9000 	C:\WINDOWS\System32\msvcrt.dll
0x00007ffb70580000 - 0x00007ffb70626000 	C:\WINDOWS\System32\sechost.dll
0x00007ffb71040000 - 0x00007ffb71158000 	C:\WINDOWS\System32\RPCRT4.dll
0x00007ffb702c0000 - 0x00007ffb7048c000 	C:\WINDOWS\System32\USER32.dll
0x00007ffb6f490000 - 0x00007ffb6f4b7000 	C:\WINDOWS\System32\win32u.dll
0x00007ffb57900000 - 0x00007ffb57b9a000 	C:\WINDOWS\WinSxS\amd64_microsoft.windows.common-controls_6595b64144ccf1df_6.0.26100.4484_none_3e0e6d4ce32ef3b3\COMCTL32.dll
0x00007ffb70bc0000 - 0x00007ffb70beb000 	C:\WINDOWS\System32\GDI32.dll
0x00007ffb6f850000 - 0x00007ffb6f987000 	C:\WINDOWS\System32\gdi32full.dll
0x00007ffb6fd80000 - 0x00007ffb6fe23000 	C:\WINDOWS\System32\msvcp_win.dll
0x00007ffb652a0000 - 0x00007ffb652ab000 	C:\WINDOWS\SYSTEM32\VERSION.dll
0x00007ffb71e30000 - 0x00007ffb71e5f000 	C:\WINDOWS\System32\IMM32.DLL
0x00007ffb48c40000 - 0x00007ffb48c4c000 	C:\Program Files\Java\jdk-17\bin\vcruntime140_1.dll
0x00007ffb2a610000 - 0x00007ffb2a69e000 	C:\Program Files\Java\jdk-17\bin\msvcp140.dll
0x00007ffb12590000 - 0x00007ffb13170000 	C:\Program Files\Java\jdk-17\bin\server\jvm.dll
0x00007ffb70bf0000 - 0x00007ffb70bf8000 	C:\WINDOWS\System32\PSAPI.DLL
0x00007ffb69ce0000 - 0x00007ffb69cea000 	C:\WINDOWS\SYSTEM32\WSOCK32.dll
0x00007ffb65260000 - 0x00007ffb65295000 	C:\WINDOWS\SYSTEM32\WINMM.dll
0x00007ffb709f0000 - 0x00007ffb70a64000 	C:\WINDOWS\System32\WS2_32.dll
0x00007ffb6e230000 - 0x00007ffb6e24b000 	C:\WINDOWS\SYSTEM32\kernel.appcore.dll
0x00007ffb48570000 - 0x00007ffb4857a000 	C:\Program Files\Java\jdk-17\bin\jimage.dll
0x00007ffb6ca40000 - 0x00007ffb6cc81000 	C:\WINDOWS\SYSTEM32\DBGHELP.DLL
0x00007ffb70cb0000 - 0x00007ffb71036000 	C:\WINDOWS\System32\combase.dll
0x00007ffb70490000 - 0x00007ffb70570000 	C:\WINDOWS\System32\OLEAUT32.dll
0x00007ffb54880000 - 0x00007ffb548c3000 	C:\WINDOWS\SYSTEM32\dbgcore.DLL
0x00007ffb70040000 - 0x00007ffb700d9000 	C:\WINDOWS\System32\bcryptPrimitives.dll
0x00007ffb3e140000 - 0x00007ffb3e165000 	C:\Program Files\Java\jdk-17\bin\java.dll
0x00007ffb3e060000 - 0x00007ffb3e137000 	C:\Program Files\Java\jdk-17\bin\jsvml.dll
0x00007ffb716e0000 - 0x00007ffb71e2a000 	C:\WINDOWS\System32\SHELL32.dll
0x00007ffb6f4c0000 - 0x00007ffb6f634000 	C:\WINDOWS\System32\wintypes.dll
0x00007ffb6d0f0000 - 0x00007ffb6d94b000 	C:\WINDOWS\SYSTEM32\windows.storage.dll
0x00007ffb70740000 - 0x00007ffb70835000 	C:\WINDOWS\System32\SHCORE.dll
0x00007ffb711b0000 - 0x00007ffb7121a000 	C:\WINDOWS\System32\shlwapi.dll
0x00007ffb6f3a0000 - 0x00007ffb6f3cf000 	C:\WINDOWS\SYSTEM32\profapi.dll
0x00007ffb37490000 - 0x00007ffb374a9000 	C:\Program Files\Java\jdk-17\bin\net.dll
0x00007ffb68960000 - 0x00007ffb68a7e000 	C:\WINDOWS\SYSTEM32\WINHTTP.dll
0x00007ffb6e7c0000 - 0x00007ffb6e82a000 	C:\WINDOWS\system32\mswsock.dll
0x00007ffb368d0000 - 0x00007ffb368e6000 	C:\Program Files\Java\jdk-17\bin\nio.dll
0x00007ffb34a00000 - 0x00007ffb34a18000 	C:\Program Files\Java\jdk-17\bin\zip.dll
0x00007ffb47360000 - 0x00007ffb4736a000 	C:\Program Files\Java\jdk-17\bin\management.dll
0x00007ffb458c0000 - 0x00007ffb458cb000 	C:\Program Files\Java\jdk-17\bin\management_ext.dll
0x00007ffb6ea70000 - 0x00007ffb6ea8b000 	C:\WINDOWS\SYSTEM32\CRYPTSP.dll
0x00007ffb6e190000 - 0x00007ffb6e1cb000 	C:\WINDOWS\system32\rsaenh.dll
0x00007ffb6e860000 - 0x00007ffb6e88b000 	C:\WINDOWS\SYSTEM32\USERENV.dll
0x00007ffb6f370000 - 0x00007ffb6f396000 	C:\WINDOWS\SYSTEM32\bcrypt.dll
0x00007ffb6ea90000 - 0x00007ffb6ea9c000 	C:\WINDOWS\SYSTEM32\CRYPTBASE.dll
0x00007ffb6dc60000 - 0x00007ffb6dc93000 	C:\WINDOWS\SYSTEM32\IPHLPAPI.DLL
0x00007ffb70c00000 - 0x00007ffb70c0a000 	C:\WINDOWS\System32\NSI.dll
0x00007ffb68b60000 - 0x00007ffb68b7f000 	C:\WINDOWS\SYSTEM32\dhcpcsvc6.DLL
0x00007ffb68b20000 - 0x00007ffb68b45000 	C:\WINDOWS\SYSTEM32\dhcpcsvc.DLL
0x00007ffb6dca0000 - 0x00007ffb6ddc6000 	C:\WINDOWS\SYSTEM32\DNSAPI.dll
0x00007ffb45620000 - 0x00007ffb4562e000 	C:\Program Files\Java\jdk-17\bin\sunmscapi.dll
0x00007ffb6f6d0000 - 0x00007ffb6f847000 	C:\WINDOWS\System32\CRYPT32.dll
0x00007ffb6ec90000 - 0x00007ffb6ecc0000 	C:\WINDOWS\SYSTEM32\ncrypt.dll
0x00007ffb6ec40000 - 0x00007ffb6ec7f000 	C:\WINDOWS\SYSTEM32\NTASN1.dll
0x00007ffb48290000 - 0x00007ffb482a0000 	C:\Program Files\Java\jdk-17\bin\verify.dll
0x00007ffb648c0000 - 0x00007ffb648cb000 	C:\Windows\System32\rasadhlp.dll
0x00007ffb68e00000 - 0x00007ffb68e86000 	C:\WINDOWS\System32\fwpuclnt.dll
0x00007ffb08130000 - 0x00007ffb08138000 	C:\WINDOWS\system32\wshunix.dll

dbghelp: loaded successfully - version: 4.0.5 - missing functions: none
symbol engine: initialized successfully - sym options: 0x614 - pdb path: .;C:\Program Files\Java\jdk-17\bin;C:\WINDOWS\SYSTEM32;C:\WINDOWS\WinSxS\amd64_microsoft.windows.common-controls_6595b64144ccf1df_6.0.26100.4484_none_3e0e6d4ce32ef3b3;C:\Program Files\Java\jdk-17\bin\server

VM Arguments:
java_command: com.example.demo.DemoApplication
java_class_path (initial): C:\Users\Samuel\Documents\PRIVADO\2do Round\Desarrollo\BACK\Desa\SkyNet_BackEnd\target\classes;C:\Users\Samuel\.m2\repository\org\springframework\boot\spring-boot-starter-data-jpa\3.1.9\spring-boot-starter-data-jpa-3.1.9.jar;C:\Users\Samuel\.m2\repository\org\springframework\boot\spring-boot-starter-aop\3.1.9\spring-boot-starter-aop-3.1.9.jar;C:\Users\Samuel\.m2\repository\org\springframework\spring-aop\6.0.17\spring-aop-6.0.17.jar;C:\Users\Samuel\.m2\repository\org\aspectj\aspectjweaver\1.9.21\aspectjweaver-1.9.21.jar;C:\Users\Samuel\.m2\repository\org\springframework\boot\spring-boot-starter-jdbc\3.1.9\spring-boot-starter-jdbc-3.1.9.jar;C:\Users\Samuel\.m2\repository\com\zaxxer\HikariCP\5.0.1\HikariCP-5.0.1.jar;C:\Users\Samuel\.m2\repository\org\springframework\spring-jdbc\6.0.17\spring-jdbc-6.0.17.jar;C:\Users\Samuel\.m2\repository\org\springframework\data\spring-data-jpa\3.1.9\spring-data-jpa-3.1.9.jar;C:\Users\Samuel\.m2\repository\org\springframework\data\spring-data-commons\3.1.9\spring-data-commons-3.1.9.jar;C:\Users\Samuel\.m2\repository\org\springframework\spring-orm\6.0.17\spring-orm-6.0.17.jar;C:\Users\Samuel\.m2\repository\org\springframework\spring-context\6.0.17\spring-context-6.0.17.jar;C:\Users\Samuel\.m2\repository\org\springframework\spring-tx\6.0.17\spring-tx-6.0.17.jar;C:\Users\Samuel\.m2\repository\org\springframework\spring-beans\6.0.17\spring-beans-6.0.17.jar;C:\Users\Samuel\.m2\repository\jakarta\annotation\jakarta.annotation-api\2.1.1\jakarta.annotation-api-2.1.1.jar;C:\Users\Samuel\.m2\repository\org\slf4j\slf4j-api\2.0.12\slf4j-api-2.0.12.jar;C:\Users\Samuel\.m2\repository\org\springframework\spring-aspects\6.0.17\spring-aspects-6.0.17.jar;C:\Users\Samuel\.m2\repository\org\springframework\boot\spring-boot-starter-web\3.1.9\spring-boot-starter-web-3.1.9.jar;C:\Users\Samuel\.m2\repository\org\springframework\boot\spring-boot-starter\3.1.9\spring-boot-starter-3.1.9.jar;C:\Users\Samuel\.m2\repository\org\springfr
Launcher Type: SUN_STANDARD

[Global flags]
     intx CICompilerCount                          = 4                                         {product} {ergonomic}
     uint ConcGCThreads                            = 2                                         {product} {ergonomic}
     uint G1ConcRefinementThreads                  = 8                                         {product} {ergonomic}
   size_t G1HeapRegionSize                         = 1048576                                   {product} {ergonomic}
    uintx GCDrainStackTargetSize                   = 64                                        {product} {ergonomic}
   size_t InitialHeapSize                          = 130023424                                 {product} {ergonomic}
   size_t MarkStackSize                            = 4194304                                   {product} {ergonomic}
   size_t MaxHeapSize                              = 2076180480                                {product} {ergonomic}
   size_t MaxNewSize                               = 1245708288                                {product} {ergonomic}
   size_t MinHeapDeltaBytes                        = 1048576                                   {product} {ergonomic}
   size_t MinHeapSize                              = 8388608                                   {product} {ergonomic}
    uintx NonNMethodCodeHeapSize                   = 5839372                                {pd product} {ergonomic}
    uintx NonProfiledCodeHeapSize                  = 122909434                              {pd product} {ergonomic}
    uintx ProfiledCodeHeapSize                     = 122909434                              {pd product} {ergonomic}
    uintx ReservedCodeCacheSize                    = 251658240                              {pd product} {ergonomic}
     bool SegmentedCodeCache                       = true                                      {product} {ergonomic}
   size_t SoftMaxHeapSize                          = 2076180480                             {manageable} {ergonomic}
     bool UseCompressedClassPointers               = true                           {product lp64_product} {ergonomic}
     bool UseCompressedOops                        = true                           {product lp64_product} {ergonomic}
     bool UseG1GC                                  = true                                      {product} {ergonomic}
     bool UseLargePagesIndividualAllocation        = false                                  {pd product} {ergonomic}

Logging:
Log output configuration:
 #0: stdout all=warning uptime,level,tags
 #1: stderr all=off uptime,level,tags

Environment Variables:
JAVA_HOME=C:\Program Files\Java\jdk-17
PATH=C:\Program Files\Java\jdk-17\bin;C:\Program Files\Java\jdk-17\bin;C:\Program Files\apache-maven-3.3.9\bin;C:\Program Files\Common Files\Oracle\Java\javapath;C:\Program Files\apache-maven-3.3.9\bin;C:\Python313\Scripts\;C:\Python313\;C:\Program Files (x86)\VMware\VMware Workstation\bin\;C:\WINDOWS\system32;C:\WINDOWS;C:\WINDOWS\System32\Wbem;C:\WINDOWS\System32\WindowsPowerShell\v1.0\;C:\WINDOWS\System32\OpenSSH\;C:\Program Files (x86)\Microsoft SQL Server\160\Tools\Binn\;C:\Program Files\Microsoft SQL Server\160\Tools\Binn\;C:\Program Files\Microsoft SQL Server\Client SDK\ODBC\170\Tools\Binn\;C:\Program Files\Microsoft SQL Server\160\DTS\Binn\;C:\Program Files (x86)\Microsoft SQL Server\160\DTS\Binn\;C:\Program Files\nodejs\;C:\ProgramData\chocolatey\bin;C:\Program Files\Git\cmd;C:\Program Files\MySQL\MySQL Server 5.5\bin;C:\Users\Samuel\AppData\Local\Microsoft\WindowsApps;C:\Users\Samuel\AppData\Roaming\npm;C:\Users\Samuel\AppData\Local\Programs\Microsoft VS Code\bin
USERNAME=Samuel
OS=Windows_NT
PROCESSOR_IDENTIFIER=Intel64 Family 6 Model 140 Stepping 1, GenuineIntel



---------------  S Y S T E M  ---------------

OS:
 Windows 11 , 64 bit Build 26100 (10.0.26100.4484)
OS uptime: 10 days 0:45 hours

CPU: total 8 (initial active 8) (4 cores per cpu, 2 threads per core) family 6 model 140 stepping 1 microcode 0xbc, cx8, cmov, fxsr, ht, mmx, 3dnowpref, sse, sse2, sse3, ssse3, sse4.1, sse4.2, popcnt, lzcnt, tsc, tscinvbit, avx, avx2, aes, erms, clmul, bmi1, bmi2, adx, avx512f, avx512dq, avx512cd, avx512bw, avx512vl, sha, fma, vzeroupper, avx512_vpopcntdq, avx512_vpclmulqdq, avx512_vaes, avx512_vnni, clflush, clflushopt, clwb, avx512_vbmi2, avx512_vbmi

Memory: 4k page, system-wide physical 7914M (1224M free)
TotalPageFile size 23819M (AvailPageFile size 5565M)
current process WorkingSet (physical memory assigned to process): 242M, peak: 338M
current process commit charge ("private bytes"): 336M, peak: 422M

vm_info: Java HotSpot(TM) 64-Bit Server VM (17.0.12+8-LTS-286) for windows-amd64 JRE (17.0.12+8-LTS-286), built on Jun  5 2024 06:46:59 by "mach5one" with MS VC++ 17.6 (VS2022)

END.
